<?xml version="1.0" encoding="utf-8"?><testsuites name="pytest tests"><testsuite name="pytest" errors="0" failures="0" skipped="0" tests="13" time="2.065" timestamp="2026-07-21T09:40:05.450448+00:00" hostname="agent-env-c07f4474-e612-40cf-925a-3ce7b947049c"><testcase classname="tests.backend_test.TestAuthRegression" name="test_login_success" time="0.797" /><testcase classname="tests.backend_test.TestAuthRegression" name="test_login_wrong_password_returns_401" time="0.320" /><testcase classname="tests.backend_test.TestAuthRegression" name="test_login_endpoint_exists_not_404" time="0.063" /><testcase classname="tests.backend_test.TestProvidersAutoSeed" name="test_new_user_gets_seeded_providers" time="0.052" /><testcase classname="tests.backend_test.TestAccountsCRUD" name="test_create_account" time="0.051" /><testcase classname="tests.backend_test.TestAccountsCRUD" name="test_get_accounts_persisted" time="0.050" /><testcase classname="tests.backend_test.TestAccountsCRUD" name="test_patch_account_edit" time="0.101" /><testcase classname="tests.backend_test.TestAssetProjection" name="test_appreciation_asset_projection" time="0.104" /><testcase classname="tests.backend_test.TestAssetProjection" name="test_depreciation_asset_projection" time="0.052" /><testcase classname="tests.backend_test.TestAssetProjection" name="test_manual_method_no_projection" time="0.050" /><testcase classname="tests.backend_test.TestLoanEdit" name="test_create_loan_baseline" time="0.056" /><testcase classname="tests.backend_test.TestLoanEdit" name="test_patch_loan_before_payment_regenerates_schedule" time="0.058" /><testcase classname="tests.backend_test.TestLoanEdit" name="test_patch_loan_metadata_only_after_payment" time="0.201" /></testsuite></testsuites>