<?xml version="1.0" encoding="utf-8"?><testsuites name="pytest tests"><testsuite name="pytest" errors="0" failures="0" skipped="0" tests="22" time="4.586" timestamp="2026-09-16T00:41:10.251823+00:00" hostname="agent-env-c07f4474-e612-40cf-925a-3ce7b947049c"><testcase classname="tests.test_quick_expense.TestAuthRegression" name="test_login_ok" time="1.141" /><testcase classname="tests.test_quick_expense.TestAuthRegression" name="test_me_has_default_expense_account_id" time="0.095" /><testcase classname="tests.test_quick_expense.TestParsePreview" name="test_parse_ok_with_account_match" time="0.361" /><testcase classname="tests.test_quick_expense.TestParsePreview" name="test_parse_no_default" time="0.086" /><testcase classname="tests.test_quick_expense.TestParsePreview" name="test_amount_parsing_edges[makan 50000-50000]" time="0.091" /><testcase classname="tests.test_quick_expense.TestParsePreview" name="test_amount_parsing_edges[makan 50.000-50000]" time="0.094" /><testcase classname="tests.test_quick_expense.TestParsePreview" name="test_amount_parsing_edges[makan Rp 50000-50000]" time="0.091" /><testcase classname="tests.test_quick_expense.TestParsePreview" name="test_amount_parsing_edges[makan Rp50000-50000]" time="0.095" /><testcase classname="tests.test_quick_expense.TestParsePreview" name="test_amount_parsing_edges[makan 50k-50000]" time="0.079" /><testcase classname="tests.test_quick_expense.TestParsePreview" name="test_amount_parsing_edges[makan 50rb-50000]" time="0.087" /><testcase classname="tests.test_quick_expense.TestParsePreview" name="test_missing_amount_returns_error" time="0.081" /><testcase classname="tests.test_quick_expense.TestCreateQuickExpense" name="test_create_reduces_balance_and_persists" time="0.371" /><testcase classname="tests.test_quick_expense.TestCreateQuickExpense" name="test_account_not_found_returns_400_no_tx" time="0.245" /><testcase classname="tests.test_quick_expense.TestCreateQuickExpense" name="test_no_default_no_hint_returns_400" time="0.582" /><testcase classname="tests.test_quick_expense.TestCreateQuickExpense" name="test_explicit_account_id_success" time="0.081" /><testcase classname="tests.test_quick_expense.TestCreateQuickExpense" name="test_missing_amount_400" time="0.078" /><testcase classname="tests.test_quick_expense.TestSecurity" name="test_user_b_cannot_use_user_a_private_account" time="0.081" /><testcase classname="tests.test_quick_expense.TestPreferences" name="test_patch_default_success" time="0.166" /><testcase classname="tests.test_quick_expense.TestPreferences" name="test_patch_other_users_private_account_forbidden" time="0.156" /><testcase classname="tests.test_quick_expense.TestPreferences" name="test_patch_nonexistent_id_returns_404" time="0.084" /><testcase classname="tests.test_quick_expense.TestRecent" name="test_recent_returns_only_current_user_quick_expenses" time="0.183" /><testcase classname="tests.test_quick_expense.TestParseWithDefault" name="test_parse_uses_default_after_pref_set" time="0.087" /></testsuite></testsuites>